<?xml version="1.0" encoding="UTF-8"?>
<testsuite xmlns:xsi="http://www.w3.org/2001/XMLSchema-instance" xsi:noNamespaceSchemaLocation="https://maven.apache.org/surefire/maven-surefire-plugin/xsd/surefire-test-report.xsd" name="com.combat.cmr.AppTest" time="0.027" tests="2" errors="0" skipped="0" failures="1">
  <properties>
[...]
</properties>
  <testcase name="shouldAnswerWithTrue" classname="com.combat.cmr.AppTest" time="0.002"/>
  <testcase name="testToString" classname="com.combat.cmr.AppTest" time="0.004">
    <failure message="expected:&lt;[fjgfk]&gt; but was:&lt;[J&apos;ai herite de la class robot et je simule le combat entre humain et robot le nom the humain est  Robot fotso]&gt;" type="org.junit.ComparisonFailure"><![CDATA[org.junit.ComparisonFailure: expected:<[fjgfk]> but was:<[J'ai herite de la class robot et je simule le combat entre humain et robot le nom the humain est  Robot fotso]>
	at com.combat.cmr.AppTest.testToString(AppTest.java:39)
]]></failure>
  </testcase>
</testsuite>